<?xml version="1.0" encoding="UTF-8"?>
<!-- Generated by org.testng.reporters.JUnitReportReporter -->
<testsuite name="Test_cases.CheckBoxes" tests="1" time="0.484" ignored="0" failures="0" timestamp="29 Jan 2021 22:48:02 GMT" skipped="0" hostname="ITFDG98R" errors="0">
  <testcase name="CheckBox" time="0.484" classname="Test_cases.CheckBoxes"/>
</testsuite> <!-- Test_cases.CheckBoxes -->
