<?xml version="1.0" encoding="UTF-8"?>
<!-- Generated by org.testng.reporters.JUnitReportReporter -->
<testsuite name="Test_cases.TextBoxes_Buttons" tests="3" time="5.881" ignored="0" failures="0" timestamp="29 Jan 2021 22:19:16 GMT" skipped="0" hostname="ITFDG98R" errors="0">
  <testcase name="Get_URL" time="0.189" classname="Test_cases.TextBoxes_Buttons"/>
  <testcase name="Invalid_username" time="1.404" classname="Test_cases.TextBoxes_Buttons"/>
  <testcase name="Background_color" time="4.288" classname="Test_cases.TextBoxes_Buttons"/>
</testsuite> <!-- Test_cases.TextBoxes_Buttons -->
